<?xml version="1.0" encoding="UTF-8"?>
<testng-results ignored="0" total="2" passed="2" failed="0" skipped="0">
  <reporter-output>
  </reporter-output>
  <suite started-at="2024-08-23T08:32:05 IST" name="Default suite" finished-at="2024-08-23T08:32:21 IST" duration-ms="16561">
    <groups>
    </groups>
    <test started-at="2024-08-23T08:32:05 IST" name="Default test" finished-at="2024-08-23T08:32:21 IST" duration-ms="16561">
      <class name="TestClass.LoginPageTest">
        <test-method is-config="true" signature="setup()[pri:0, instance:TestClass.LoginPageTest@4c402120]" started-at="2024-08-23T08:32:05 IST" name="setup" finished-at="2024-08-23T08:32:19 IST" duration-ms="14479" status="PASS">
          <reporter-output>
          </reporter-output>
        </test-method> <!-- setup -->
        <test-method signature="checkPageTitle()[pri:0, instance:TestClass.LoginPageTest@4c402120]" started-at="2024-08-23T08:32:19 IST" name="checkPageTitle" finished-at="2024-08-23T08:32:19 IST" duration-ms="27" status="PASS">
          <reporter-output>
          </reporter-output>
        </test-method> <!-- checkPageTitle -->
        <test-method signature="loginWithCorrectCredentials()[pri:0, instance:TestClass.LoginPageTest@4c402120]" started-at="2024-08-23T08:32:19 IST" name="loginWithCorrectCredentials" finished-at="2024-08-23T08:32:21 IST" duration-ms="1949" status="PASS">
          <reporter-output>
          </reporter-output>
        </test-method> <!-- loginWithCorrectCredentials -->
        <test-method is-config="true" signature="teardown()[pri:0, instance:TestClass.LoginPageTest@4c402120]" started-at="2024-08-23T08:32:21 IST" name="teardown" finished-at="2024-08-23T08:32:21 IST" duration-ms="1" status="PASS">
          <reporter-output>
          </reporter-output>
        </test-method> <!-- teardown -->
      </class> <!-- TestClass.LoginPageTest -->
    </test> <!-- Default test -->
  </suite> <!-- Default suite -->
</testng-results>
